[NX Daemon Server] - 2024-02-09T06:54:49.146Z - Started listening on: \\.\pipe\nx\C:\Users\User\AppData\Local\Temp\e66636956132b608d08e\d.sock
[NX Daemon Server] - 2024-02-09T06:54:49.153Z - [WATCHER]: Subscribed to changes within: D:\dev\IntellijProjects\TheNurseJavaAngular\angularclient (native)
[NX Daemon Server] - 2024-02-09T06:54:49.154Z - Established a connection. Number of open connections: 1
[NX Daemon Server] - 2024-02-09T06:54:49.156Z - Established a connection. Number of open connections: 2
[NX Daemon Server] - 2024-02-09T06:54:49.158Z - Closed a connection. Number of open connections: 1
[NX Daemon Server] - 2024-02-09T06:54:49.160Z - [REQUEST]: Client Request for Project Graph Received
[NX Daemon Server] - 2024-02-09T06:54:49.162Z - [REQUEST]: Updated workspace context based on watched changes, recomputing project graph...
[NX Daemon Server] - 2024-02-09T06:54:49.162Z - [REQUEST]: 
[NX Daemon Server] - 2024-02-09T06:54:49.163Z - [REQUEST]: 
[NX Daemon Server] - 2024-02-09T06:54:49.372Z - [REQUEST]: Responding to the client. project-graph
[NX Daemon Server] - 2024-02-09T06:54:49.373Z - Time taken for 'total for creating and serializing project graph' 211.43660000000006ms
[NX Daemon Server] - 2024-02-09T06:54:49.374Z - Done responding to the client project-graph
[NX Daemon Server] - 2024-02-09T06:54:49.374Z - Handled REQUEST_PROJECT_GRAPH. Handling time: 212. Response time: 2.
[NX Daemon Server] - 2024-02-09T06:54:49.381Z - [REQUEST]: Client Request for Project Graph Received
[NX Daemon Server] - 2024-02-09T06:54:49.382Z - [REQUEST]: Responding to the client. project-graph
[NX Daemon Server] - 2024-02-09T06:54:49.382Z - Time taken for 'total for creating and serializing project graph' 0.4178999999999178ms
[NX Daemon Server] - 2024-02-09T06:54:49.383Z - Done responding to the client project-graph
[NX Daemon Server] - 2024-02-09T06:54:49.383Z - Handled REQUEST_PROJECT_GRAPH. Handling time: 1. Response time: 1.
[NX Daemon Server] - 2024-02-09T06:54:49.395Z - [REQUEST]: Client Request for Project Graph Received
[NX Daemon Server] - 2024-02-09T06:54:49.396Z - [REQUEST]: Responding to the client. project-graph
[NX Daemon Server] - 2024-02-09T06:54:49.396Z - Time taken for 'total for creating and serializing project graph' 0.3867000000000189ms
[NX Daemon Server] - 2024-02-09T06:54:49.397Z - Done responding to the client project-graph
[NX Daemon Server] - 2024-02-09T06:54:49.397Z - Handled REQUEST_PROJECT_GRAPH. Handling time: 1. Response time: 1.
[NX Daemon Server] - 2024-02-09T06:54:49.402Z - Established a connection. Number of open connections: 2
[NX Daemon Server] - 2024-02-09T06:54:49.405Z - [REQUEST]: Client Request for Project Graph Received
[NX Daemon Server] - 2024-02-09T06:54:49.406Z - [REQUEST]: Responding to the client. project-graph
[NX Daemon Server] - 2024-02-09T06:54:49.407Z - Time taken for 'total for creating and serializing project graph' 0.6467999999999847ms
[NX Daemon Server] - 2024-02-09T06:54:49.407Z - Done responding to the client project-graph
[NX Daemon Server] - 2024-02-09T06:54:49.408Z - Handled REQUEST_PROJECT_GRAPH. Handling time: 1. Response time: 2.
[NX Daemon Server] - 2024-02-09T06:55:42.415Z - Closed a connection. Number of open connections: 1
[NX Daemon Server] - 2024-02-09T06:55:42.421Z - Closed a connection. Number of open connections: 0
[NX Daemon Server] - 2024-02-09T06:55:48.261Z - Established a connection. Number of open connections: 1
[NX Daemon Server] - 2024-02-09T06:55:48.262Z - Closed a connection. Number of open connections: 0
[NX Daemon Server] - 2024-02-09T06:55:48.263Z - Established a connection. Number of open connections: 1
[NX Daemon Server] - 2024-02-09T06:55:48.268Z - [REQUEST]: Client Request for Project Graph Received
[NX Daemon Server] - 2024-02-09T06:55:48.269Z - [REQUEST]: Responding to the client. project-graph
[NX Daemon Server] - 2024-02-09T06:55:48.270Z - Time taken for 'total for creating and serializing project graph' 0.8436000000001513ms
[NX Daemon Server] - 2024-02-09T06:55:48.271Z - Done responding to the client project-graph
[NX Daemon Server] - 2024-02-09T06:55:48.271Z - Handled REQUEST_PROJECT_GRAPH. Handling time: 1. Response time: 2.
[NX Daemon Server] - 2024-02-09T06:55:48.286Z - Closed a connection. Number of open connections: 0
[NX Daemon Server] - 2024-02-09T06:56:26.941Z - Established a connection. Number of open connections: 1
[NX Daemon Server] - 2024-02-09T06:56:26.942Z - Closed a connection. Number of open connections: 0
[NX Daemon Server] - 2024-02-09T06:56:26.943Z - Established a connection. Number of open connections: 1
[NX Daemon Server] - 2024-02-09T06:56:26.948Z - [REQUEST]: Client Request for Project Graph Received
[NX Daemon Server] - 2024-02-09T06:56:26.948Z - [REQUEST]: Responding to the client. project-graph
[NX Daemon Server] - 2024-02-09T06:56:26.949Z - Time taken for 'total for creating and serializing project graph' 0.544499999989057ms
[NX Daemon Server] - 2024-02-09T06:56:26.951Z - Done responding to the client project-graph
[NX Daemon Server] - 2024-02-09T06:56:26.951Z - Handled REQUEST_PROJECT_GRAPH. Handling time: 0. Response time: 3.
[NX Daemon Server] - 2024-02-09T06:56:27.182Z - [REQUEST]: Responding to the client. handleHashTasks
[NX Daemon Server] - 2024-02-09T06:56:27.183Z - Done responding to the client handleHashTasks
[NX Daemon Server] - 2024-02-09T06:56:27.183Z - Handled HASH_TASKS. Handling time: 18. Response time: 1.
[NX Daemon Server] - 2024-02-09T06:56:34.198Z - Established a connection. Number of open connections: 2
[NX Daemon Server] - 2024-02-09T06:56:34.199Z - Closed a connection. Number of open connections: 1
[NX Daemon Server] - 2024-02-09T06:56:34.200Z - Established a connection. Number of open connections: 2
[NX Daemon Server] - 2024-02-09T06:56:34.206Z - [REQUEST]: Client Request for Project Graph Received
[NX Daemon Server] - 2024-02-09T06:56:34.206Z - [REQUEST]: Responding to the client. project-graph
[NX Daemon Server] - 2024-02-09T06:56:34.207Z - Time taken for 'total for creating and serializing project graph' 0.4954999999899883ms
[NX Daemon Server] - 2024-02-09T06:56:34.207Z - Done responding to the client project-graph
[NX Daemon Server] - 2024-02-09T06:56:34.207Z - Handled REQUEST_PROJECT_GRAPH. Handling time: 0. Response time: 1.
[NX Daemon Server] - 2024-02-09T06:56:45.676Z - [WATCHER]: Processing file changes in outputs
[NX Daemon Server] - 2024-02-09T07:08:07.370Z - [WATCHER]: Processing file changes in outputs
[NX Daemon Server] - 2024-02-09T07:08:07.372Z - [WATCHER]: src/app/app.config.ts was modified
[NX Daemon Server] - 2024-02-09T07:08:08.129Z - [WATCHER]: src/app/app.config.ts was modified
[NX Daemon Server] - 2024-02-09T07:08:08.129Z - [WATCHER]: Processing file changes in outputs
[NX Daemon Server] - 2024-02-09T07:08:08.175Z - [REQUEST]: Updated workspace context based on watched changes, recomputing project graph...
[NX Daemon Server] - 2024-02-09T07:08:08.176Z - [REQUEST]: src/app/app.config.ts
[NX Daemon Server] - 2024-02-09T07:08:08.176Z - [REQUEST]: 
[NX Daemon Server] - 2024-02-09T07:08:08.256Z - Time taken for 'hash changed files from watcher' 0.62589999998454ms
[NX Daemon Server] - 2024-02-09T07:08:08.517Z - [WATCHER]: Processing file changes in outputs
[NX Daemon Server] - 2024-02-09T07:08:25.225Z - [WATCHER]: Processing file changes in outputs
[NX Daemon Server] - 2024-02-09T07:08:25.228Z - [WATCHER]: src/app/app.config.ts was modified
[NX Daemon Server] - 2024-02-09T07:08:26.017Z - [WATCHER]: Processing file changes in outputs
[NX Daemon Server] - 2024-02-09T07:08:26.019Z - [WATCHER]: src/app/app.config.ts was modified
[NX Daemon Server] - 2024-02-09T07:08:26.172Z - [REQUEST]: Updated workspace context based on watched changes, recomputing project graph...
[NX Daemon Server] - 2024-02-09T07:08:26.172Z - [REQUEST]: src/app/app.config.ts
[NX Daemon Server] - 2024-02-09T07:08:26.172Z - [REQUEST]: 
[NX Daemon Server] - 2024-02-09T07:08:26.230Z - Time taken for 'hash changed files from watcher' 0.5501999999396503ms
[NX Daemon Server] - 2024-02-09T07:08:26.354Z - [WATCHER]: Processing file changes in outputs
[NX Daemon Server] - 2024-02-09T07:09:01.691Z - [WATCHER]: src/app/app.config.ts was modified
[NX Daemon Server] - 2024-02-09T07:09:02.789Z - [WATCHER]: Processing file changes in outputs
[NX Daemon Server] - 2024-02-09T07:09:02.857Z - [WATCHER]: src/app/app.config.ts was modified
[NX Daemon Server] - 2024-02-09T07:09:02.857Z - [WATCHER]: Processing file changes in outputs
[NX Daemon Server] - 2024-02-09T07:09:03.196Z - [REQUEST]: Updated workspace context based on watched changes, recomputing project graph...
[NX Daemon Server] - 2024-02-09T07:09:03.196Z - [REQUEST]: src/app/app.config.ts
[NX Daemon Server] - 2024-02-09T07:09:03.196Z - [REQUEST]: 
[NX Daemon Server] - 2024-02-09T07:09:03.262Z - [WATCHER]: Processing file changes in outputs
[NX Daemon Server] - 2024-02-09T07:09:03.263Z - Time taken for 'hash changed files from watcher' 0.6770999999716878ms
[NX Daemon Server] - 2024-02-09T07:09:19.979Z - [WATCHER]: src/app/app.config.ts was modified
[NX Daemon Server] - 2024-02-09T07:09:19.980Z - [WATCHER]: Processing file changes in outputs
[NX Daemon Server] - 2024-02-09T07:09:20.363Z - [WATCHER]: Processing file changes in outputs
[NX Daemon Server] - 2024-02-09T07:09:20.788Z - [REQUEST]: Updated workspace context based on watched changes, recomputing project graph...
[NX Daemon Server] - 2024-02-09T07:09:20.788Z - [REQUEST]: src/app/app.config.ts
[NX Daemon Server] - 2024-02-09T07:09:20.789Z - [REQUEST]: 
[NX Daemon Server] - 2024-02-09T07:09:20.857Z - Time taken for 'hash changed files from watcher' 0.6343999999808148ms
[NX Daemon Server] - 2024-02-09T07:10:10.839Z - [WATCHER]: src/app/app.config.ts was modified
[NX Daemon Server] - 2024-02-09T07:10:10.839Z - [WATCHER]: Processing file changes in outputs
[NX Daemon Server] - 2024-02-09T07:10:11.197Z - [WATCHER]: Processing file changes in outputs
[NX Daemon Server] - 2024-02-09T07:10:12.455Z - [REQUEST]: Updated workspace context based on watched changes, recomputing project graph...
[NX Daemon Server] - 2024-02-09T07:10:12.455Z - [REQUEST]: src/app/app.config.ts
[NX Daemon Server] - 2024-02-09T07:10:12.455Z - [REQUEST]: 
[NX Daemon Server] - 2024-02-09T07:10:12.511Z - Time taken for 'hash changed files from watcher' 1.70789999992121ms
[NX Daemon Server] - 2024-02-09T07:12:13.886Z - [WATCHER]: src/app/app.routes.ts was modified
[NX Daemon Server] - 2024-02-09T07:12:13.887Z - [WATCHER]: Processing file changes in outputs
[NX Daemon Server] - 2024-02-09T07:12:14.241Z - [WATCHER]: Processing file changes in outputs
[NX Daemon Server] - 2024-02-09T07:12:17.100Z - [REQUEST]: Updated workspace context based on watched changes, recomputing project graph...
[NX Daemon Server] - 2024-02-09T07:12:17.100Z - [REQUEST]: src/app/app.routes.ts
[NX Daemon Server] - 2024-02-09T07:12:17.100Z - [REQUEST]: 
[NX Daemon Server] - 2024-02-09T07:12:17.166Z - Time taken for 'hash changed files from watcher' 0.5084999999962747ms
[NX Daemon Server] - 2024-02-09T07:12:56.038Z - [WATCHER]: src/app/app.routes.ts was modified
[NX Daemon Server] - 2024-02-09T07:12:56.039Z - [WATCHER]: Processing file changes in outputs
[NX Daemon Server] - 2024-02-09T07:12:56.399Z - [WATCHER]: Processing file changes in outputs
[NX Daemon Server] - 2024-02-09T07:13:02.445Z - [REQUEST]: Updated workspace context based on watched changes, recomputing project graph...
[NX Daemon Server] - 2024-02-09T07:13:02.445Z - [REQUEST]: src/app/app.routes.ts
[NX Daemon Server] - 2024-02-09T07:13:02.445Z - [REQUEST]: 
[NX Daemon Server] - 2024-02-09T07:13:02.495Z - Time taken for 'hash changed files from watcher' 0.5185999998357147ms
[NX Daemon Server] - 2024-02-09T07:13:03.340Z - [WATCHER]: Processing file changes in outputs
[NX Daemon Server] - 2024-02-09T07:13:03.342Z - [WATCHER]: src/app/app.routes.ts was modified
[NX Daemon Server] - 2024-02-09T07:13:03.695Z - [WATCHER]: Processing file changes in outputs
[NX Daemon Server] - 2024-02-09T07:13:09.747Z - [REQUEST]: Updated workspace context based on watched changes, recomputing project graph...
[NX Daemon Server] - 2024-02-09T07:13:09.747Z - [REQUEST]: src/app/app.routes.ts
[NX Daemon Server] - 2024-02-09T07:13:09.747Z - [REQUEST]: 
[NX Daemon Server] - 2024-02-09T07:13:09.805Z - Time taken for 'hash changed files from watcher' 0.46209999988786876ms
[NX Daemon Server] - 2024-02-09T07:14:47.551Z - [WATCHER]: Processing file changes in outputs
[NX Daemon Server] - 2024-02-09T07:14:47.554Z - [WATCHER]: src/app/app.routes.ts was modified
[NX Daemon Server] - 2024-02-09T07:14:47.797Z - [WATCHER]: Processing file changes in outputs
[NX Daemon Server] - 2024-02-09T07:14:47.800Z - [WATCHER]: src/app/app.routes.ts was modified
[NX Daemon Server] - 2024-02-09T07:14:48.124Z - [WATCHER]: Processing file changes in outputs
[NX Daemon Server] - 2024-02-09T07:14:54.160Z - [REQUEST]: Updated workspace context based on watched changes, recomputing project graph...
[NX Daemon Server] - 2024-02-09T07:14:54.160Z - [REQUEST]: src/app/app.routes.ts
[NX Daemon Server] - 2024-02-09T07:14:54.160Z - [REQUEST]: 
[NX Daemon Server] - 2024-02-09T07:14:54.215Z - Time taken for 'hash changed files from watcher' 0.5393999998923391ms
[NX Daemon Server] - 2024-02-09T07:21:18.107Z - [WATCHER]: Processing file changes in outputs
[NX Daemon Server] - 2024-02-09T07:21:18.111Z - [WATCHER]: src/app/app.routes.ts was modified
[NX Daemon Server] - 2024-02-09T07:21:18.760Z - [WATCHER]: Processing file changes in outputs
[NX Daemon Server] - 2024-02-09T07:21:18.964Z - Closed a connection. Number of open connections: 1
[NX Daemon Server] - 2024-02-09T07:21:19.030Z - [REQUEST]: Responding to the client. recordOutputsHash
[NX Daemon Server] - 2024-02-09T07:21:19.031Z - Done responding to the client recordOutputsHash
[NX Daemon Server] - 2024-02-09T07:21:19.031Z - Handled RECORD_OUTPUTS_HASH. Handling time: 1. Response time: 1.
[NX Daemon Server] - 2024-02-09T07:21:19.925Z - [REQUEST]: Responding to the client. PROCESS_IN_BACKGROUND
[NX Daemon Server] - 2024-02-09T07:21:19.926Z - Done responding to the client PROCESS_IN_BACKGROUND
[NX Daemon Server] - 2024-02-09T07:21:19.926Z - Handled PROCESS_IN_BACKGROUND. Handling time: 535. Response time: 1.
[NX Daemon Server] - 2024-02-09T07:21:19.926Z - Uploading file artifacts
[NX Daemon Server] - 2024-02-09T07:21:19.927Z - Done uploading file artifacts
[NX Daemon Server] - 2024-02-09T07:21:19.927Z - Sending EndRun request
[NX Daemon Server] - 2024-02-09T07:21:20.150Z - Closed a connection. Number of open connections: 0
[NX Daemon Server] - 2024-02-09T07:21:20.741Z - Done sending EndRun request
[NX Daemon Server] - 2024-02-09T07:21:24.520Z - [REQUEST]: Updated workspace context based on watched changes, recomputing project graph...
[NX Daemon Server] - 2024-02-09T07:21:24.520Z - [REQUEST]: src/app/app.routes.ts
[NX Daemon Server] - 2024-02-09T07:21:24.520Z - [REQUEST]: 
[NX Daemon Server] - 2024-02-09T07:21:24.580Z - Time taken for 'hash changed files from watcher' 0.4532000001054257ms
[NX Daemon Server] - 2024-02-09T07:31:58.603Z - [WATCHER]: Processing file changes in outputs
[NX Daemon Server] - 2024-02-09T07:31:58.603Z - [WATCHER]: Stopping the watcher for D:\dev\IntellijProjects\TheNurseJavaAngular\angularclient (sources)
[NX Daemon Server] - 2024-02-09T09:09:52.861Z - Started listening on: \\.\pipe\nx\C:\Users\User\AppData\Local\Temp\e66636956132b608d08e\d.sock
[NX Daemon Server] - 2024-02-09T09:09:52.867Z - [WATCHER]: Subscribed to changes within: D:\dev\IntellijProjects\TheNurseJavaAngular\angularclient (native)
[NX Daemon Server] - 2024-02-09T09:09:52.870Z - Established a connection. Number of open connections: 1
[NX Daemon Server] - 2024-02-09T09:09:52.873Z - Closed a connection. Number of open connections: 0
[NX Daemon Server] - 2024-02-09T09:09:52.874Z - Established a connection. Number of open connections: 1
[NX Daemon Server] - 2024-02-09T09:09:52.876Z - [REQUEST]: Client Request for Project Graph Received
[NX Daemon Server] - 2024-02-09T09:09:52.878Z - [REQUEST]: Updated workspace context based on watched changes, recomputing project graph...
[NX Daemon Server] - 2024-02-09T09:09:52.878Z - [REQUEST]: 
[NX Daemon Server] - 2024-02-09T09:09:52.878Z - [REQUEST]: 
[NX Daemon Server] - 2024-02-09T09:09:53.168Z - [REQUEST]: Responding to the client. project-graph
[NX Daemon Server] - 2024-02-09T09:09:53.170Z - Time taken for 'total for creating and serializing project graph' 291.8444ms
[NX Daemon Server] - 2024-02-09T09:09:53.171Z - Done responding to the client project-graph
[NX Daemon Server] - 2024-02-09T09:09:53.171Z - Handled REQUEST_PROJECT_GRAPH. Handling time: 292. Response time: 3.
[NX Daemon Server] - 2024-02-09T09:09:53.309Z - [REQUEST]: Responding to the client. handleHashTasks
[NX Daemon Server] - 2024-02-09T09:09:53.310Z - Done responding to the client handleHashTasks
[NX Daemon Server] - 2024-02-09T09:09:53.310Z - Handled HASH_TASKS. Handling time: 16. Response time: 1.
[NX Daemon Server] - 2024-02-09T09:09:55.934Z - Established a connection. Number of open connections: 2
[NX Daemon Server] - 2024-02-09T09:09:55.935Z - Closed a connection. Number of open connections: 1
[NX Daemon Server] - 2024-02-09T09:09:55.936Z - Established a connection. Number of open connections: 2
[NX Daemon Server] - 2024-02-09T09:09:55.941Z - [REQUEST]: Client Request for Project Graph Received
[NX Daemon Server] - 2024-02-09T09:09:55.941Z - [REQUEST]: Responding to the client. project-graph
[NX Daemon Server] - 2024-02-09T09:09:55.942Z - Time taken for 'total for creating and serializing project graph' 0.5075000000001637ms
[NX Daemon Server] - 2024-02-09T09:09:55.943Z - Done responding to the client project-graph
[NX Daemon Server] - 2024-02-09T09:09:55.943Z - Handled REQUEST_PROJECT_GRAPH. Handling time: 0. Response time: 2.
[NX Daemon Server] - 2024-02-09T09:09:59.620Z - [WATCHER]: Processing file changes in outputs
[NX Daemon Server] - 2024-02-09T09:58:39.426Z - Closed a connection. Number of open connections: 1
[NX Daemon Server] - 2024-02-09T09:58:39.458Z - [REQUEST]: Responding to the client. recordOutputsHash
[NX Daemon Server] - 2024-02-09T09:58:39.460Z - Done responding to the client recordOutputsHash
[NX Daemon Server] - 2024-02-09T09:58:39.460Z - Handled RECORD_OUTPUTS_HASH. Handling time: 1. Response time: 2.
[NX Daemon Server] - 2024-02-09T09:58:40.360Z - [REQUEST]: Responding to the client. PROCESS_IN_BACKGROUND
[NX Daemon Server] - 2024-02-09T09:58:40.361Z - Uploading file artifacts
[NX Daemon Server] - 2024-02-09T09:58:40.361Z - Done uploading file artifacts
[NX Daemon Server] - 2024-02-09T09:58:40.361Z - Sending EndRun request
[NX Daemon Server] - 2024-02-09T09:58:40.367Z - Done responding to the client PROCESS_IN_BACKGROUND
[NX Daemon Server] - 2024-02-09T09:58:40.367Z - Handled PROCESS_IN_BACKGROUND. Handling time: 561. Response time: 7.
[NX Daemon Server] - 2024-02-09T09:58:40.489Z - Closed a connection. Number of open connections: 0
[NX Daemon Server] - 2024-02-09T09:58:40.859Z - Done sending EndRun request
[NX Daemon Server] - 2024-02-09T12:58:39.996Z - [WATCHER]: Stopping the watcher for D:\dev\IntellijProjects\TheNurseJavaAngular\angularclient (sources)
[NX Daemon Server] - 2024-02-09T12:58:40.000Z - [WATCHER]: Stopping the watcher for D:\dev\IntellijProjects\TheNurseJavaAngular\angularclient (outputs)
[NX Daemon Server] - 2024-02-09T12:58:40.000Z - Server stopped because: "10800000ms of inactivity"
[NX Daemon Server] - 2024-02-12T13:23:14.312Z - Started listening on: \\.\pipe\nx\C:\Users\User\AppData\Local\Temp\e66636956132b608d08e\d.sock
[NX Daemon Server] - 2024-02-12T13:23:14.336Z - [WATCHER]: Subscribed to changes within: D:\dev\IntellijProjects\TheNurseJavaAngular\angularclient (native)
[NX Daemon Server] - 2024-02-12T13:23:14.338Z - Established a connection. Number of open connections: 1
[NX Daemon Server] - 2024-02-12T13:23:14.340Z - Established a connection. Number of open connections: 2
[NX Daemon Server] - 2024-02-12T13:23:14.342Z - Closed a connection. Number of open connections: 1
[NX Daemon Server] - 2024-02-12T13:23:14.344Z - [REQUEST]: Client Request for Project Graph Received
[NX Daemon Server] - 2024-02-12T13:23:14.385Z - [REQUEST]: Updated workspace context based on watched changes, recomputing project graph...
[NX Daemon Server] - 2024-02-12T13:23:14.386Z - [REQUEST]: 
[NX Daemon Server] - 2024-02-12T13:23:14.386Z - [REQUEST]: 
[NX Daemon Server] - 2024-02-12T13:23:14.810Z - [REQUEST]: Responding to the client. project-graph
[NX Daemon Server] - 2024-02-12T13:23:14.870Z - Time taken for 'total for creating and serializing project graph' 466.3624000000001ms
[NX Daemon Server] - 2024-02-12T13:23:14.870Z - Done responding to the client project-graph
[NX Daemon Server] - 2024-02-12T13:23:14.870Z - Handled REQUEST_PROJECT_GRAPH. Handling time: 466. Response time: 60.
[NX Daemon Server] - 2024-02-12T13:23:14.884Z - Closed a connection. Number of open connections: 0
[NX Daemon Server] - 2024-02-12T13:23:23.124Z - Established a connection. Number of open connections: 1
[NX Daemon Server] - 2024-02-12T13:23:23.124Z - Closed a connection. Number of open connections: 0
[NX Daemon Server] - 2024-02-12T13:23:23.125Z - Established a connection. Number of open connections: 1
[NX Daemon Server] - 2024-02-12T13:23:23.129Z - [REQUEST]: Client Request for Project Graph Received
[NX Daemon Server] - 2024-02-12T13:23:23.130Z - [REQUEST]: Responding to the client. project-graph
[NX Daemon Server] - 2024-02-12T13:23:23.130Z - Time taken for 'total for creating and serializing project graph' 0.41850000000158616ms
[NX Daemon Server] - 2024-02-12T13:23:23.132Z - Done responding to the client project-graph
[NX Daemon Server] - 2024-02-12T13:23:23.133Z - Handled REQUEST_PROJECT_GRAPH. Handling time: 1. Response time: 3.
[NX Daemon Server] - 2024-02-12T13:23:24.292Z - [REQUEST]: Responding to the client. handleHashTasks
[NX Daemon Server] - 2024-02-12T13:23:24.293Z - Done responding to the client handleHashTasks
[NX Daemon Server] - 2024-02-12T13:23:24.293Z - Handled HASH_TASKS. Handling time: 20. Response time: 1.
[NX Daemon Server] - 2024-02-12T13:23:33.045Z - Established a connection. Number of open connections: 2
[NX Daemon Server] - 2024-02-12T13:23:33.047Z - Closed a connection. Number of open connections: 1
[NX Daemon Server] - 2024-02-12T13:23:33.048Z - Established a connection. Number of open connections: 2
[NX Daemon Server] - 2024-02-12T13:23:33.052Z - [REQUEST]: Client Request for Project Graph Received
[NX Daemon Server] - 2024-02-12T13:23:33.053Z - [REQUEST]: Responding to the client. project-graph
[NX Daemon Server] - 2024-02-12T13:23:33.053Z - Time taken for 'total for creating and serializing project graph' 0.4131000000015774ms
[NX Daemon Server] - 2024-02-12T13:23:33.054Z - Done responding to the client project-graph
[NX Daemon Server] - 2024-02-12T13:23:33.054Z - Handled REQUEST_PROJECT_GRAPH. Handling time: 1. Response time: 1.
[NX Daemon Server] - 2024-02-12T13:23:46.238Z - [WATCHER]: Processing file changes in outputs
[NX Daemon Server] - 2024-02-12T13:26:45.516Z - [WATCHER]: Processing file changes in outputs
[NX Daemon Server] - 2024-02-12T13:26:46.737Z - [WATCHER]: src/app/app.config.ts was modified
[NX Daemon Server] - 2024-02-12T13:26:46.795Z - [WATCHER]: Processing file changes in outputs
[NX Daemon Server] - 2024-02-12T13:26:46.798Z - [WATCHER]: src/app/app.config.ts was modified
[NX Daemon Server] - 2024-02-12T13:26:46.867Z - [REQUEST]: Updated workspace context based on watched changes, recomputing project graph...
[NX Daemon Server] - 2024-02-12T13:26:46.867Z - [REQUEST]: src/app/app.config.ts
[NX Daemon Server] - 2024-02-12T13:26:46.867Z - [REQUEST]: 
[NX Daemon Server] - 2024-02-12T13:26:46.960Z - Time taken for 'hash changed files from watcher' 23.414500000013504ms
[NX Daemon Server] - 2024-02-12T13:26:47.272Z - [WATCHER]: Processing file changes in outputs
[NX Daemon Server] - 2024-02-12T13:27:39.455Z - [WATCHER]: Processing file changes in outputs
[NX Daemon Server] - 2024-02-12T13:27:39.457Z - [WATCHER]: src/app/app.routes.ts was modified
[NX Daemon Server] - 2024-02-12T13:27:39.674Z - [WATCHER]: src/app/app.routes.ts was modified
[NX Daemon Server] - 2024-02-12T13:27:39.675Z - [WATCHER]: Processing file changes in outputs
[NX Daemon Server] - 2024-02-12T13:27:39.809Z - [REQUEST]: Updated workspace context based on watched changes, recomputing project graph...
[NX Daemon Server] - 2024-02-12T13:27:39.809Z - [REQUEST]: src/app/app.routes.ts
[NX Daemon Server] - 2024-02-12T13:27:39.809Z - [REQUEST]: 
[NX Daemon Server] - 2024-02-12T13:27:39.923Z - Time taken for 'hash changed files from watcher' 0.48719999997410923ms
[NX Daemon Server] - 2024-02-12T13:27:40.026Z - [WATCHER]: Processing file changes in outputs
[NX Daemon Server] - 2024-02-12T13:28:00.224Z - Closed a connection. Number of open connections: 1
[NX Daemon Server] - 2024-02-12T13:28:00.262Z - Closed a connection. Number of open connections: 0
[NX Daemon Server] - 2024-02-12T13:28:03.889Z - Established a connection. Number of open connections: 1
[NX Daemon Server] - 2024-02-12T13:28:03.889Z - Closed a connection. Number of open connections: 0
[NX Daemon Server] - 2024-02-12T13:28:03.890Z - Established a connection. Number of open connections: 1
[NX Daemon Server] - 2024-02-12T13:28:03.894Z - [REQUEST]: Client Request for Project Graph Received
[NX Daemon Server] - 2024-02-12T13:28:03.895Z - [REQUEST]: Responding to the client. project-graph
[NX Daemon Server] - 2024-02-12T13:28:03.895Z - Time taken for 'total for creating and serializing project graph' 0.5322999999625608ms
[NX Daemon Server] - 2024-02-12T13:28:03.897Z - Done responding to the client project-graph
[NX Daemon Server] - 2024-02-12T13:28:03.897Z - Handled REQUEST_PROJECT_GRAPH. Handling time: 1. Response time: 2.
[NX Daemon Server] - 2024-02-12T13:28:04.037Z - [REQUEST]: Responding to the client. handleHashTasks
[NX Daemon Server] - 2024-02-12T13:28:04.037Z - Done responding to the client handleHashTasks
[NX Daemon Server] - 2024-02-12T13:28:04.038Z - Handled HASH_TASKS. Handling time: 17. Response time: 1.
[NX Daemon Server] - 2024-02-12T13:28:05.823Z - Established a connection. Number of open connections: 2
[NX Daemon Server] - 2024-02-12T13:28:05.824Z - Closed a connection. Number of open connections: 1
[NX Daemon Server] - 2024-02-12T13:28:05.825Z - Established a connection. Number of open connections: 2
[NX Daemon Server] - 2024-02-12T13:28:05.829Z - [REQUEST]: Client Request for Project Graph Received
[NX Daemon Server] - 2024-02-12T13:28:05.830Z - [REQUEST]: Responding to the client. project-graph
[NX Daemon Server] - 2024-02-12T13:28:05.831Z - Time taken for 'total for creating and serializing project graph' 0.6173999999882653ms
[NX Daemon Server] - 2024-02-12T13:28:05.832Z - Done responding to the client project-graph
[NX Daemon Server] - 2024-02-12T13:28:05.832Z - Handled REQUEST_PROJECT_GRAPH. Handling time: 1. Response time: 2.
[NX Daemon Server] - 2024-02-12T13:28:09.135Z - [WATCHER]: Processing file changes in outputs
[NX Daemon Server] - 2024-02-12T13:28:27.196Z - Closed a connection. Number of open connections: 1
[NX Daemon Server] - 2024-02-12T13:28:27.229Z - Closed a connection. Number of open connections: 0
[NX Daemon Server] - 2024-02-12T13:28:32.778Z - Established a connection. Number of open connections: 1
[NX Daemon Server] - 2024-02-12T13:28:32.779Z - Closed a connection. Number of open connections: 0
[NX Daemon Server] - 2024-02-12T13:28:32.780Z - Established a connection. Number of open connections: 1
[NX Daemon Server] - 2024-02-12T13:28:32.784Z - [REQUEST]: Client Request for Project Graph Received
[NX Daemon Server] - 2024-02-12T13:28:32.784Z - [REQUEST]: Responding to the client. project-graph
[NX Daemon Server] - 2024-02-12T13:28:32.785Z - Time taken for 'total for creating and serializing project graph' 0.44239999999990687ms
[NX Daemon Server] - 2024-02-12T13:28:32.787Z - Done responding to the client project-graph
[NX Daemon Server] - 2024-02-12T13:28:32.787Z - Handled REQUEST_PROJECT_GRAPH. Handling time: 0. Response time: 3.
[NX Daemon Server] - 2024-02-12T13:28:32.914Z - [REQUEST]: Responding to the client. handleHashTasks
[NX Daemon Server] - 2024-02-12T13:28:32.914Z - Done responding to the client handleHashTasks
[NX Daemon Server] - 2024-02-12T13:28:32.914Z - Handled HASH_TASKS. Handling time: 8. Response time: 0.
[NX Daemon Server] - 2024-02-12T13:28:34.767Z - Established a connection. Number of open connections: 2
[NX Daemon Server] - 2024-02-12T13:28:34.768Z - Closed a connection. Number of open connections: 1
[NX Daemon Server] - 2024-02-12T13:28:34.769Z - Established a connection. Number of open connections: 2
[NX Daemon Server] - 2024-02-12T13:28:34.774Z - [REQUEST]: Client Request for Project Graph Received
[NX Daemon Server] - 2024-02-12T13:28:34.774Z - [REQUEST]: Responding to the client. project-graph
[NX Daemon Server] - 2024-02-12T13:28:34.776Z - Time taken for 'total for creating and serializing project graph' 0.44439999997848645ms
[NX Daemon Server] - 2024-02-12T13:28:34.776Z - Done responding to the client project-graph
[NX Daemon Server] - 2024-02-12T13:28:34.776Z - Handled REQUEST_PROJECT_GRAPH. Handling time: 0. Response time: 2.
[NX Daemon Server] - 2024-02-12T13:28:38.110Z - [WATCHER]: Processing file changes in outputs
[NX Daemon Server] - 2024-02-12T13:33:36.512Z - [WATCHER]: Processing file changes in outputs
[NX Daemon Server] - 2024-02-12T13:33:36.515Z - [WATCHER]: 0 file(s) created or restored, 0 file(s) modified, 32 file(s) deleted
[NX Daemon Server] - 2024-02-12T13:33:36.619Z - [REQUEST]: Updated workspace context based on watched changes, recomputing project graph...
[NX Daemon Server] - 2024-02-12T13:33:36.619Z - [REQUEST]: 
[NX Daemon Server] - 2024-02-12T13:33:36.619Z - [REQUEST]: src/app/app.config.ts,src,src/styles.css,src/app/user-list/user-list.component.ts,src/app/service,src/app/user-form/user-form.component.ts,src/app/user-list/user-list.component.css,src/app/user-form/user-form.component.css,src/app,src/app/user-form,src/app/app.component.html,src/app/service/user-service.service.spec.ts,src/app/model,src/app/service/user-service.service.ts,src/favicon.ico,src/assets,src/app/app.component.spec.ts,src/assets/.gitkeep,src/app/app.component.ts,src/app/user-list/user-list.component.html,src/app/user-form/user-form.component.html,src/app/app.module.ts,src/app/app-routing.module.ts,src/app/model/user.ts,src/app/app.routes.ts,src/main.ts,src/app/user-form/user-form.component.spec.ts,src/app/model/user.spec.ts,src/app/user-list,src/app/app.component.css,src/index.html,src/app/user-list/user-list.component.spec.ts
[NX Daemon Server] - 2024-02-12T13:33:36.686Z - Time taken for 'hash changed files from watcher' 0.28169999993406236ms
[NX Daemon Server] - 2024-02-12T13:33:36.894Z - [WATCHER]: Processing file changes in outputs
[NX Daemon Server] - 2024-02-12T13:33:45.756Z - [WATCHER]: 7 file(s) created or restored, 0 file(s) modified, 0 file(s) deleted
[NX Daemon Server] - 2024-02-12T13:33:45.757Z - [WATCHER]: Processing file changes in outputs
[NX Daemon Server] - 2024-02-12T13:33:45.805Z - [WATCHER]: Processing file changes in outputs
[NX Daemon Server] - 2024-02-12T13:33:45.806Z - [WATCHER]: 4 file(s) created or restored, 1 file(s) modified, 0 file(s) deleted
[NX Daemon Server] - 2024-02-12T13:33:45.896Z - [REQUEST]: Updated workspace context based on watched changes, recomputing project graph...
[NX Daemon Server] - 2024-02-12T13:33:45.896Z - [REQUEST]: src/app/app.component.html,src/app/app.component.spec.ts,src/app/app.config.ts,src/assets/.gitkeep,src/app/app.routes.ts,src/app/app.component.css,src/app/app.component.ts,src/favicon.ico,src/main.ts,src/styles.css,src/index.html
[NX Daemon Server] - 2024-02-12T13:33:45.896Z - [REQUEST]: 
[NX Daemon Server] - 2024-02-12T13:33:45.997Z - Time taken for 'hash changed files from watcher' 30.32480000006035ms
[NX Daemon Server] - 2024-02-12T13:33:46.650Z - [WATCHER]: Processing file changes in outputs
[NX Daemon Server] - 2024-02-12T13:34:20.392Z - [WATCHER]: angular.json was created or restored
[NX Daemon Server] - 2024-02-12T13:34:20.393Z - [WATCHER]: Processing file changes in outputs
[NX Daemon Server] - 2024-02-12T13:34:20.497Z - [REQUEST]: Updated workspace context based on watched changes, recomputing project graph...
[NX Daemon Server] - 2024-02-12T13:34:20.497Z - [REQUEST]: angular.json
[NX Daemon Server] - 2024-02-12T13:34:20.497Z - [REQUEST]: 
[NX Daemon Server] - 2024-02-12T13:34:20.575Z - Time taken for 'hash changed files from watcher' 0.6506999999983236ms
[NX Daemon Server] - 2024-02-12T13:34:22.169Z - [WATCHER]: Processing file changes in outputs
[NX Daemon Server] - 2024-02-12T13:34:22.236Z - [WATCHER]: Processing file changes in outputs
[NX Daemon Server] - 2024-02-12T13:34:22.269Z - [WATCHER]: Stopping the watcher for D:\dev\IntellijProjects\TheNurseJavaAngular\angularclient (sources)
[NX Daemon Server] - 2024-02-12T13:34:22.269Z - [WATCHER]: Stopping the watcher for D:\dev\IntellijProjects\TheNurseJavaAngular\angularclient (sources)
[NX Daemon Server] - 2024-02-12T13:34:22.269Z - [WATCHER]: Stopping the watcher for D:\dev\IntellijProjects\TheNurseJavaAngular\angularclient (sources)
[NX Daemon Server] - 2024-02-12T13:34:22.269Z - [WATCHER]: Stopping the watcher for D:\dev\IntellijProjects\TheNurseJavaAngular\angularclient (sources)
[NX Daemon Server] - 2024-02-12T13:34:22.269Z - [WATCHER]: Stopping the watcher for D:\dev\IntellijProjects\TheNurseJavaAngular\angularclient (outputs)
[NX Daemon Server] - 2024-02-12T13:34:22.269Z - Server stopped because: "this process is no longer the current daemon (native)"
